Arguments: 
  /home/asraf/.nvm/versions/node/v16.20.2/bin/node /home/asraf/.yarn/bin/yarn.js add mysl2

PATH: 
  /home/asraf/.nvm/versions/node/v16.20.2/bin:/home/asraf/.yarn/bin:/home/asraf/.config/yarn/global/node_modules/.bin:/usr/local/sbin:/usr/local/bin:/usr/sbin:/usr/bin:/sbin:/bin:/usr/games:/usr/local/games:/snap/bin:/snap/bin:/home/asraf/Android/Sdk/emulator:/home/asraf/Android/Sdk/platform-tools:/home/asraf/Android/Sdk/cmdline-tools/latest/bin

Yarn version: 
  1.22.19

Node version: 
  16.20.2

Platform: 
  linux x64

Trace: 
  Error: https://registry.yarnpkg.com/mysl2: Not found
      at Request.params.callback [as _callback] (/home/asraf/.yarn/lib/cli.js:66145:18)
      at Request.self.callback (/home/asraf/.yarn/lib/cli.js:140890:22)
      at Request.emit (node:events:513:28)
      at Request.<anonymous> (/home/asraf/.yarn/lib/cli.js:141862:10)
      at Request.emit (node:events:513:28)
      at IncomingMessage.<anonymous> (/home/asraf/.yarn/lib/cli.js:141784:12)
      at Object.onceWrapper (node:events:627:28)
      at IncomingMessage.emit (node:events:525:35)
      at endReadableNT (node:internal/streams/readable:1358:12)
      at processTicksAndRejections (node:internal/process/task_queues:83:21)

npm manifest: 
  {
    "name": "simple-additive-weight",
    "version": "1.0.0",
    "description": "",
    "main": "index.js",
    "scripts": {
      "test": "echo \"Error: no test specified\" && exit 1"
    },
    "keywords": [],
    "author": "",
    "license": "ISC"
  }

yarn manifest: 
  No manifest

Lockfile: 
  # THIS IS AN AUTOGENERATED FILE. DO NOT EDIT THIS FILE DIRECTLY.
  # yarn lockfile v1
